<?xml version="1.0" encoding="UTF-8"?>
<testng-results ignored="0" total="1" passed="1" failed="0" skipped="0">
  <reporter-output>
  </reporter-output>
  <suite started-at="2019-05-26T19:54:45Z" name="Default suite" finished-at="2019-05-26T19:55:04Z" duration-ms="19182">
    <groups>
    </groups>
    <test started-at="2019-05-26T19:54:45Z" name="Default test" finished-at="2019-05-26T19:55:04Z" duration-ms="19182">
      <class name="SeleniumBasics.locators">
        <test-method signature="openBrowser()[pri:0, instance:SeleniumBasics.locators@198b6731]" started-at="2019-05-26T19:54:45Z" name="openBrowser" finished-at="2019-05-26T19:55:04Z" duration-ms="19123" status="PASS">
          <reporter-output>
          </reporter-output>
        </test-method> <!-- openBrowser -->
      </class> <!-- SeleniumBasics.locators -->
    </test> <!-- Default test -->
  </suite> <!-- Default suite -->
</testng-results>
